<?xml version="1.0" encoding="UTF-8"?>
<testng-results ignored="0" total="3" passed="3" failed="0" skipped="0">
  <reporter-output>
  </reporter-output>
  <suite started-at="2022-09-20T01:08:02 GMT-04:00" name="Default suite" finished-at="2022-09-20T01:08:51 GMT-04:00" duration-ms="48880">
    <groups>
    </groups>
    <test started-at="2022-09-20T01:08:02 GMT-04:00" name="Default test" finished-at="2022-09-20T01:08:51 GMT-04:00" duration-ms="48880">
      <class name="tests.LoginTestNike">
        <test-method is-config="true" signature="beforeMethod()[pri:0, instance:tests.LoginTestNike@58be6e8]" started-at="2022-09-20T01:08:02 GMT-04:00" name="beforeMethod" finished-at="2022-09-20T01:08:10 GMT-04:00" duration-ms="7611" status="PASS">
          <reporter-output>
          </reporter-output>
        </test-method> <!-- beforeMethod -->
        <test-method signature="loginwithwrongemailpassword()[pri:1, instance:tests.LoginTestNike@58be6e8]" started-at="2022-09-20T01:08:10 GMT-04:00" name="loginwithwrongemailpassword" finished-at="2022-09-20T01:08:18 GMT-04:00" duration-ms="8398" status="PASS">
          <reporter-output>
          </reporter-output>
        </test-method> <!-- loginwithwrongemailpassword -->
        <test-method is-config="true" signature="afterMethod()[pri:0, instance:tests.LoginTestNike@58be6e8]" started-at="2022-09-20T01:08:18 GMT-04:00" name="afterMethod" finished-at="2022-09-20T01:08:19 GMT-04:00" duration-ms="678" status="PASS">
          <reporter-output>
          </reporter-output>
        </test-method> <!-- afterMethod -->
        <test-method is-config="true" signature="beforeMethod()[pri:0, instance:tests.LoginTestNike@58be6e8]" started-at="2022-09-20T01:08:19 GMT-04:00" name="beforeMethod" finished-at="2022-09-20T01:08:26 GMT-04:00" duration-ms="6846" status="PASS">
          <reporter-output>
          </reporter-output>
        </test-method> <!-- beforeMethod -->
        <test-method signature="loginwithoutpassword()[pri:2, instance:tests.LoginTestNike@58be6e8]" started-at="2022-09-20T01:08:26 GMT-04:00" name="loginwithoutpassword" finished-at="2022-09-20T01:08:35 GMT-04:00" duration-ms="8871" status="PASS">
          <reporter-output>
          </reporter-output>
        </test-method> <!-- loginwithoutpassword -->
        <test-method is-config="true" signature="afterMethod()[pri:0, instance:tests.LoginTestNike@58be6e8]" started-at="2022-09-20T01:08:35 GMT-04:00" name="afterMethod" finished-at="2022-09-20T01:08:35 GMT-04:00" duration-ms="608" status="PASS">
          <reporter-output>
          </reporter-output>
        </test-method> <!-- afterMethod -->
        <test-method is-config="true" signature="beforeMethod()[pri:0, instance:tests.LoginTestNike@58be6e8]" started-at="2022-09-20T01:08:35 GMT-04:00" name="beforeMethod" finished-at="2022-09-20T01:08:42 GMT-04:00" duration-ms="6857" status="PASS">
          <reporter-output>
          </reporter-output>
        </test-method> <!-- beforeMethod -->
        <test-method signature="loginwithoutemail()[pri:3, instance:tests.LoginTestNike@58be6e8]" started-at="2022-09-20T01:08:42 GMT-04:00" name="loginwithoutemail" finished-at="2022-09-20T01:08:50 GMT-04:00" duration-ms="8367" status="PASS">
          <reporter-output>
          </reporter-output>
        </test-method> <!-- loginwithoutemail -->
        <test-method is-config="true" signature="afterMethod()[pri:0, instance:tests.LoginTestNike@58be6e8]" started-at="2022-09-20T01:08:50 GMT-04:00" name="afterMethod" finished-at="2022-09-20T01:08:51 GMT-04:00" duration-ms="599" status="PASS">
          <reporter-output>
          </reporter-output>
        </test-method> <!-- afterMethod -->
      </class> <!-- tests.LoginTestNike -->
    </test> <!-- Default test -->
  </suite> <!-- Default suite -->
</testng-results>
