<?xml version="1.0" encoding="UTF-8"?>
<!-- Generated by org.testng.reporters.JUnitXMLReporter -->
<testsuite ignored="0" hostname="DESKTOP-33QGJF8" failures="0" tests="3" name="Default test" time="48.88" errors="0" timestamp="2022-09-20T01:08:51 GMT-04:00">
  <testcase classname="tests.LoginTestNike" name="loginwithwrongemailpassword" time="8.398"/>
  <testcase classname="tests.LoginTestNike" name="loginwithoutpassword" time="8.871"/>
  <testcase classname="tests.LoginTestNike" name="loginwithoutemail" time="8.367"/>
</testsuite> <!-- Default test -->
