<?xml version="1.0" encoding="UTF-8"?>
<!-- Generated by org.testng.reporters.JUnitXMLReporter -->
<testsuite ignored="0" hostname="DESKTOP-33QGJF8" failures="0" tests="3" name="Default test" time="39.421" errors="0" timestamp="2022-09-18T05:18:32 GMT-04:00">
  <testcase classname="tests.LoginTest" name="loginWithWrongEmailPasswordTest" time="8.47"/>
  <testcase classname="tests.LoginTest" name="loginWithEmptyEmailTest" time="8.348"/>
  <testcase classname="tests.LoginTest" name="loginWithEmptyPasswordTest" time="8.349"/>
</testsuite> <!-- Default test -->
