<?xml version="1.0" encoding="UTF-8"?>
<testng-results ignored="0" total="3" passed="3" failed="0" skipped="0">
  <reporter-output>
  </reporter-output>
  <suite started-at="2022-09-18T05:17:53 GMT-04:00" name="Default suite" finished-at="2022-09-18T05:18:32 GMT-04:00" duration-ms="39421">
    <groups>
    </groups>
    <test started-at="2022-09-18T05:17:53 GMT-04:00" name="Default test" finished-at="2022-09-18T05:18:32 GMT-04:00" duration-ms="39421">
      <class name="tests.LoginTest">
        <test-method is-config="true" signature="beforeMethod()[pri:0, instance:tests.LoginTest@2b4bac49]" started-at="2022-09-18T05:17:53 GMT-04:00" name="beforeMethod" finished-at="2022-09-18T05:17:57 GMT-04:00" duration-ms="4756" status="PASS">
          <reporter-output>
          </reporter-output>
        </test-method> <!-- beforeMethod -->
        <test-method signature="loginWithWrongEmailPasswordTest()[pri:1, instance:tests.LoginTest@2b4bac49]" started-at="2022-09-18T05:17:57 GMT-04:00" name="loginWithWrongEmailPasswordTest" finished-at="2022-09-18T05:18:06 GMT-04:00" duration-ms="8470" status="PASS">
          <reporter-output>
          </reporter-output>
        </test-method> <!-- loginWithWrongEmailPasswordTest -->
        <test-method is-config="true" signature="afterMethod()[pri:0, instance:tests.LoginTest@2b4bac49]" started-at="2022-09-18T05:18:06 GMT-04:00" name="afterMethod" finished-at="2022-09-18T05:18:06 GMT-04:00" duration-ms="567" status="PASS">
          <reporter-output>
          </reporter-output>
        </test-method> <!-- afterMethod -->
        <test-method is-config="true" signature="beforeMethod()[pri:0, instance:tests.LoginTest@2b4bac49]" started-at="2022-09-18T05:18:06 GMT-04:00" name="beforeMethod" finished-at="2022-09-18T05:18:10 GMT-04:00" duration-ms="3859" status="PASS">
          <reporter-output>
          </reporter-output>
        </test-method> <!-- beforeMethod -->
        <test-method signature="loginWithEmptyEmailTest()[pri:2, instance:tests.LoginTest@2b4bac49]" started-at="2022-09-18T05:18:10 GMT-04:00" name="loginWithEmptyEmailTest" finished-at="2022-09-18T05:18:19 GMT-04:00" duration-ms="8348" status="PASS">
          <reporter-output>
          </reporter-output>
        </test-method> <!-- loginWithEmptyEmailTest -->
        <test-method is-config="true" signature="afterMethod()[pri:0, instance:tests.LoginTest@2b4bac49]" started-at="2022-09-18T05:18:19 GMT-04:00" name="afterMethod" finished-at="2022-09-18T05:18:19 GMT-04:00" duration-ms="530" status="PASS">
          <reporter-output>
          </reporter-output>
        </test-method> <!-- afterMethod -->
        <test-method is-config="true" signature="beforeMethod()[pri:0, instance:tests.LoginTest@2b4bac49]" started-at="2022-09-18T05:18:19 GMT-04:00" name="beforeMethod" finished-at="2022-09-18T05:18:23 GMT-04:00" duration-ms="3947" status="PASS">
          <reporter-output>
          </reporter-output>
        </test-method> <!-- beforeMethod -->
        <test-method signature="loginWithEmptyPasswordTest()[pri:3, instance:tests.LoginTest@2b4bac49]" started-at="2022-09-18T05:18:23 GMT-04:00" name="loginWithEmptyPasswordTest" finished-at="2022-09-18T05:18:31 GMT-04:00" duration-ms="8349" status="PASS">
          <reporter-output>
          </reporter-output>
        </test-method> <!-- loginWithEmptyPasswordTest -->
        <test-method is-config="true" signature="afterMethod()[pri:0, instance:tests.LoginTest@2b4bac49]" started-at="2022-09-18T05:18:31 GMT-04:00" name="afterMethod" finished-at="2022-09-18T05:18:32 GMT-04:00" duration-ms="548" status="PASS">
          <reporter-output>
          </reporter-output>
        </test-method> <!-- afterMethod -->
      </class> <!-- tests.LoginTest -->
    </test> <!-- Default test -->
  </suite> <!-- Default suite -->
</testng-results>
