<?xml version="1.0" encoding="UTF-8"?>
<!-- Generated by org.testng.reporters.JUnitXMLReporter -->
<testsuite ignored="0" hostname="DESKTOP-33QGJF8" failures="0" tests="3" name="Test" time="48.978" errors="0" timestamp="20 Sep 2022 04:52:08 GMT">
  <testcase classname="tests.LoginTestNike" name="loginwithwrongemailpassword" time="8.367"/>
  <testcase classname="tests.LoginTestNike" name="loginwithoutpassword" time="8.884"/>
  <testcase classname="tests.LoginTestNike" name="loginwithoutemail" time="8.364"/>
</testsuite> <!-- Test -->
